# JRE version: Java(TM) SE Runtime Environment (8.0_144-b01) (build 1.8.0_144-b01)
# Java VM: Java HotSpot(TM) 64-Bit Server VM (25.144-b01 mixed mode windows-amd64 compressed oops)
Heap:
 PSYoungGen      total 50688K, used 46096K [0x00000000e0b00000, 0x00000000e4400000, 0x0000000100000000)
  eden space 44544K, 100% used [0x00000000e0b00000,0x00000000e3680000,0x00000000e3680000)
  from space 6144K, 25% used [0x00000000e3d00000,0x00000000e3e84088,0x00000000e4300000)
  to   space 6656K, 14% used [0x00000000e3680000,0x00000000e3778348,0x00000000e3d00000)
 ParOldGen       total 35840K, used 4131K [0x00000000a2000000, 0x00000000a4300000, 0x00000000e0b00000)
  object space 35840K, 11% used [0x00000000a2000000,0x00000000a2408c68,0x00000000a4300000)
 Metaspace       used 25181K, capacity 25474K, committed 25984K, reserved 1071104K
  class space    used 3258K, capacity 3342K, committed 3456K, reserved 1048576K
GC Heap History (10 events):
Event: 1.566 GC heap before
{Heap before GC invocations=5 (full 0):
 PSYoungGen      total 28160K, used 28138K [0x00000000e0b00000, 0x00000000e2a00000, 0x0000000100000000)
  eden space 24576K, 99% used [0x00000000e0b00000,0x00000000e22fd508,0x00000000e2300000)
  from space 3584K, 99% used [0x00000000e2680000,0x00000000e29fd480,0x00000000e2a00000)
  to   space 3584K, 0% used [0x00000000e2300000,0x00000000e2300000,0x00000000e2680000)
 ParOldGen       total 64512K, used 3932K [0x00000000a2000000, 0x00000000a5f00000, 0x00000000e0b00000)
  object space 64512K, 6% used [0x00000000a2000000,0x00000000a23d7158,0x00000000a5f00000)
 Metaspace       used 20677K, capacity 20962K, committed 21248K, reserved 1067008K
  class space    used 2690K, capacity 2753K, committed 2816K, reserved 1048576K
Event: 1.571 GC heap after
Heap after GC invocations=5 (full 0):
 PSYoungGen      total 28160K, used 3574K [0x00000000e0b00000, 0x00000000e2a00000, 0x0000000100000000)
  eden space 24576K, 0% used [0x00000000e0b00000,0x00000000e0b00000,0x00000000e2300000)
  from space 3584K, 99% used [0x00000000e2300000,0x00000000e267d9f0,0x00000000e2680000)
  to   space 3584K, 0% used [0x00000000e2680000,0x00000000e2680000,0x00000000e2a00000)
 ParOldGen       total 64512K, used 4312K [0x00000000a2000000, 0x00000000a5f00000, 0x00000000e0b00000)
  object space 64512K, 6% used [0x00000000a2000000,0x00000000a2436068,0x00000000a5f00000)
 Metaspace       used 20677K, capacity 20962K, committed 21248K, reserved 1067008K
  class space    used 2690K, capacity 2753K, committed 2816K, reserved 1048576K
}
Event: 1.582 GC heap before
{Heap before GC invocations=6 (full 0):
 PSYoungGen      total 28160K, used 6362K [0x00000000e0b00000, 0x00000000e2a00000, 0x0000000100000000)
  eden space 24576K, 11% used [0x00000000e0b00000,0x00000000e0db91c8,0x00000000e2300000)
  from space 3584K, 99% used [0x00000000e2300000,0x00000000e267d9f0,0x00000000e2680000)
  to   space 3584K, 0% used [0x00000000e2680000,0x00000000e2680000,0x00000000e2a00000)
 ParOldGen       total 64512K, used 4312K [0x00000000a2000000, 0x00000000a5f00000, 0x00000000e0b00000)
  object space 64512K, 6% used [0x00000000a2000000,0x00000000a2436068,0x00000000a5f00000)
 Metaspace       used 20756K, capacity 21026K, committed 21248K, reserved 1067008K
  class space    used 2699K, capacity 2753K, committed 2816K, reserved 1048576K
Event: 1.587 GC heap after
Heap after GC invocations=6 (full 0):
 PSYoungGen      total 28160K, used 3557K [0x00000000e0b00000, 0x00000000e2a00000, 0x0000000100000000)
  eden space 24576K, 0% used [0x00000000e0b00000,0x00000000e0b00000,0x00000000e2300000)
  from space 3584K, 99% used [0x00000000e2680000,0x00000000e29f9470,0x00000000e2a00000)
  to   space 3584K, 0% used [0x00000000e2300000,0x00000000e2300000,0x00000000e2680000)
 ParOldGen       total 64512K, used 4378K [0x00000000a2000000, 0x00000000a5f00000, 0x00000000e0b00000)
  object space 64512K, 6% used [0x00000000a2000000,0x00000000a2446848,0x00000000a5f00000)
 Metaspace       used 20756K, capacity 21026K, committed 21248K, reserved 1067008K
  class space    used 2699K, capacity 2753K, committed 2816K, reserved 1048576K
}
Event: 1.587 GC heap before
{Heap before GC invocations=7 (full 1):
 PSYoungGen      total 28160K, used 3557K [0x00000000e0b00000, 0x00000000e2a00000, 0x0000000100000000)
  eden space 24576K, 0% used [0x00000000e0b00000,0x00000000e0b00000,0x00000000e2300000)
  from space 3584K, 99% used [0x00000000e2680000,0x00000000e29f9470,0x00000000e2a00000)
  to   space 3584K, 0% used [0x00000000e2300000,0x00000000e2300000,0x00000000e2680000)
 ParOldGen       total 64512K, used 4378K [0x00000000a2000000, 0x00000000a5f00000, 0x00000000e0b00000)
  object space 64512K, 6% used [0x00000000a2000000,0x00000000a2446848,0x00000000a5f00000)
 Metaspace       used 20756K, capacity 21026K, committed 21248K, reserved 1067008K
  class space    used 2699K, capacity 2753K, committed 2816K, reserved 1048576K
Event: 1.614 GC heap after
Heap after GC invocations=7 (full 1):
 PSYoungGen      total 28160K, used 0K [0x00000000e0b00000, 0x00000000e2a00000, 0x0000000100000000)
  eden space 24576K, 0% used [0x00000000e0b00000,0x00000000e0b00000,0x00000000e2300000)
  from space 3584K, 0% used [0x00000000e2680000,0x00000000e2680000,0x00000000e2a00000)
  to   space 3584K, 0% used [0x00000000e2300000,0x00000000e2300000,0x00000000e2680000)
 ParOldGen       total 35840K, used 4131K [0x00000000a2000000, 0x00000000a4300000, 0x00000000e0b00000)
  object space 35840K, 11% used [0x00000000a2000000,0x00000000a2408c68,0x00000000a4300000)
 Metaspace       used 20756K, capacity 21026K, committed 21248K, reserved 1067008K
  class space    used 2699K, capacity 2753K, committed 2816K, reserved 1048576K
}
Event: 1.858 GC heap before
{Heap before GC invocations=8 (full 1):
 PSYoungGen      total 28160K, used 24576K [0x00000000e0b00000, 0x00000000e2a00000, 0x0000000100000000)
  eden space 24576K, 100% used [0x00000000e0b00000,0x00000000e2300000,0x00000000e2300000)
  from space 3584K, 0% used [0x00000000e2680000,0x00000000e2680000,0x00000000e2a00000)
  to   space 3584K, 0% used [0x00000000e2300000,0x00000000e2300000,0x00000000e2680000)
 ParOldGen       total 35840K, used 4131K [0x00000000a2000000, 0x00000000a4300000, 0x00000000e0b00000)
  object space 35840K, 11% used [0x00000000a2000000,0x00000000a2408c68,0x00000000a4300000)
 Metaspace       used 24262K, capacity 24632K, committed 25088K, reserved 1071104K
  class space    used 3131K, capacity 3211K, committed 3328K, reserved 1048576K
Event: 1.872 GC heap after
Heap after GC invocations=8 (full 1):
 PSYoungGen      total 28160K, used 3190K [0x00000000e0b00000, 0x00000000e4300000, 0x0000000100000000)
  eden space 24576K, 0% used [0x00000000e0b00000,0x00000000e0b00000,0x00000000e2300000)
  from space 3584K, 89% used [0x00000000e2300000,0x00000000e261d838,0x00000000e2680000)
  to   space 6144K, 0% used [0x00000000e3d00000,0x00000000e3d00000,0x00000000e4300000)
 ParOldGen       total 35840K, used 4131K [0x00000000a2000000, 0x00000000a4300000, 0x00000000e0b00000)
  object space 35840K, 11% used [0x00000000a2000000,0x00000000a2408c68,0x00000000a4300000)
 Metaspace       used 24262K, capacity 24632K, committed 25088K, reserved 1071104K
  class space    used 3131K, capacity 3211K, committed 3328K, reserved 1048576K
}
Event: 1.972 GC heap before
{Heap before GC invocations=9 (full 1):
 PSYoungGen      total 28160K, used 27750K [0x00000000e0b00000, 0x00000000e4300000, 0x0000000100000000)
  eden space 24576K, 99% used [0x00000000e0b00000,0x00000000e22fc258,0x00000000e2300000)
  from space 3584K, 89% used [0x00000000e2300000,0x00000000e261d838,0x00000000e2680000)
  to   space 6144K, 0% used [0x00000000e3d00000,0x00000000e3d00000,0x00000000e4300000)
 ParOldGen       total 35840K, used 4131K [0x00000000a2000000, 0x00000000a4300000, 0x00000000e0b00000)
  object space 35840K, 11% used [0x00000000a2000000,0x00000000a2408c68,0x00000000a4300000)
 Metaspace       used 25001K, capacity 25340K, committed 25728K, reserved 1071104K
  class space    used 3233K, capacity 3341K, committed 3456K, reserved 1048576K
Event: 1.977 GC heap after
Heap after GC invocations=9 (full 1):
 PSYoungGen      total 50688K, used 1552K [0x00000000e0b00000, 0x00000000e4400000, 0x0000000100000000)
  eden space 44544K, 0% used [0x00000000e0b00000,0x00000000e0b00000,0x00000000e3680000)
  from space 6144K, 25% used [0x00000000e3d00000,0x00000000e3e84088,0x00000000e4300000)
  to   space 6656K, 0% used [0x00000000e3680000,0x00000000e3680000,0x00000000e3d00000)
 ParOldGen       total 35840K, used 4131K [0x00000000a2000000, 0x00000000a4300000, 0x00000000e0b00000)
  object space 35840K, 11% used [0x00000000a2000000,0x00000000a2408c68,0x00000000a4300000)
 Metaspace       used 25001K, capacity 25340K, committed 25728K, reserved 1071104K
  class space    used 3233K, capacity 3341K, committed 3456K, reserved 1048576K
}

